This is pdfTeX, Version 3.14159265-2.6-1.40.16 (TeX Live 2015/Debian) (preloaded format=latex 2019.2.17)  24 FEB 2019 10:19
entering extended mode
 restricted \write18 enabled.
 %&-line parsing enabled.
**elsarticle.dtx
(./elsarticle.dtx
LaTeX2e <2016/02/01>
Babel <3.9q> and hyphenation patterns for 81 language(s) loaded.
(/usr/share/texlive/texmf-dist/tex/latex/base/ltxdoc.cls
Document Class: ltxdoc 2015/03/26 v2.0w Standard LaTeX documentation class
(/usr/share/texlive/texmf-dist/tex/latex/base/article.cls
Document Class: article 2014/09/29 v1.4h Standard LaTeX document class
(/usr/share/texlive/texmf-dist/tex/latex/base/size10.clo
File: size10.clo 2014/09/29 v1.4h Standard LaTeX file (size option)
)
\c@part=\count79
\c@section=\count80
\c@subsection=\count81
\c@subsubsection=\count82
\c@paragraph=\count83
\c@subparagraph=\count84
\c@figure=\count85
\c@table=\count86
\abovecaptionskip=\skip41
\belowcaptionskip=\skip42
\bibindent=\dimen102
)
(/usr/share/texlive/texmf-dist/tex/latex/base/doc.sty
Package: doc 2014/09/29 v2.1e Standard LaTeX documentation package (FMi)
\c@StandardModuleDepth=\count87
\guard@level=\count88
\MacrocodeTopsep=\skip43
\MacroIndent=\dimen103
\macro@cnt=\count89
\MacroTopsep=\skip44
\index@excludelist=\toks14

(/usr/share/texlive/texmf-dist/tex/latex/tools/multicol.sty
Package: multicol 2015/08/19 v1.8n multicolumn formatting (FMi)
\c@tracingmulticols=\count90
\mult@box=\box26
\multicol@leftmargin=\dimen104
\c@unbalance=\count91
\c@collectmore=\count92
\doublecol@number=\count93
\multicoltolerance=\count94
\multicolpretolerance=\count95
\full@width=\dimen105
\page@free=\dimen106
\premulticols=\dimen107
\postmulticols=\dimen108
\multicolsep=\skip45
\multicolbaselineskip=\skip46
\partial@page=\box27
\last@line=\box28
\maxbalancingoverflow=\dimen109
\mult@rightbox=\box29
\mult@grightbox=\box30
\mult@gfirstbox=\box31
\mult@firstbox=\box32
\@tempa=\box33
\@tempa=\box34
\@tempa=\box35
\@tempa=\box36
\@tempa=\box37
\@tempa=\box38
\@tempa=\box39
\@tempa=\box40
\@tempa=\box41
\@tempa=\box42
\@tempa=\box43
\@tempa=\box44
\@tempa=\box45
\@tempa=\box46
\@tempa=\box47
\@tempa=\box48
\@tempa=\box49
\c@columnbadness=\count96
\c@finalcolumnbadness=\count97
\last@try=\dimen110
\multicolovershoot=\dimen111
\multicolundershoot=\dimen112
\mult@nat@firstbox=\box50
\colbreak@box=\box51
\mc@col@check@num=\count98
)
\IndexMin=\dimen113
\c@IndexColumns=\count99
\GlossaryMin=\dimen114
\c@GlossaryColumns=\count100
\check@sum=\count101
\bslash@cnt=\count102
\wrong@table=\toks15
\c@CodelineNo=\count103
))
\@indexfile=\write3
\openout3 = `elsarticle.idx'.


Writing index file elsarticle.idx
\@glossaryfile=\write4
\openout4 = `elsarticle.glo'.

Writing glossary file elsarticle.glo 
(/usr/share/texlive/texmf-dist/tex/latex/comment/comment.sty
\CommentStream=\write5

Excluding comment 'comment')
No file elsarticle.aux.
\openout1 = `elsarticle.aux'.

LaTeX Font Info:    Checking defaults for OML/cmm/m/it on input line 27.
LaTeX Font Info:    ... okay on input line 27.
LaTeX Font Info:    Checking defaults for T1/cmr/m/n on input line 27.
LaTeX Font Info:    ... okay on input line 27.
LaTeX Font Info:    Checking defaults for OT1/cmr/m/n on input line 27.
LaTeX Font Info:    ... okay on input line 27.
LaTeX Font Info:    Checking defaults for OMS/cmsy/m/n on input line 27.
LaTeX Font Info:    ... okay on input line 27.
LaTeX Font Info:    Checking defaults for OMX/cmex/m/n on input line 27.
LaTeX Font Info:    ... okay on input line 27.
LaTeX Font Info:    Checking defaults for U/cmr/m/n on input line 27.
LaTeX Font Info:    ... okay on input line 27.
Package doc Info: Made | a short reference for \verb on input line 27.
(./elsarticle.dtx
LaTeX Font Info:    External font `cmex10' loaded for size
(Font)              <7> on input line 19.
LaTeX Font Info:    External font `cmex10' loaded for size
(Font)              <5> on input line 19.

***************************
* Character table correct *
***************************
[1

]
LaTeX Font Info:    External font `cmex10' loaded for size
(Font)              <12> on input line 68.
LaTeX Font Info:    External font `cmex10' loaded for size
(Font)              <8> on input line 68.
LaTeX Font Info:    External font `cmex10' loaded for size
(Font)              <6> on input line 68.
LaTeX Font Info:    External font `cmex10' loaded for size
(Font)              <9> on input line 156.
 [2]
Overfull \hbox (10.0376pt too wide) in paragraph at lines 156--156
 [][]\OT1/cmtt/m/n/9 \ExecuteOptions{a4paper,10pt,oneside,onecolumn,number,prep
rint,centertitle} 
 []

[3] [4] [5]
Overfull \hbox (0.5877pt too wide) in paragraph at lines 674--674
 [][]       \OT1/cmtt/m/n/9 \edef\affnum{\@ifundefined{X@\@@affmark}{1}{\elsRef
{\@@affmark}}}% 
 []

[6] [7] [8] [9] [10] [11] [12] [13] [14] [15]
Overfull \hbox (19.48749pt too wide) in paragraph at lines 815--815
 [][]\OT1/cmtt/m/n/9 \def\@enfont{\ifnum \@enumdepth >1\let\@nxt\sfn \else\let\
@nxt\sfbc \fi\@nxt} 
 []

[16] [17] [18] [19] [20]
Overfull \hbox (33.66232pt too wide) in paragraph at lines 1098--1098
 [][]  \OT1/cmtt/m/n/9 \addtocontents{toc}{\string\let\string\numberline\string
\tmptocnumberline}{}{} 
 []

[21]
*******************
* Checksum passed *
*******************
)
No file elsarticle.gls.
No file elsarticle.ind.
[22] (./elsarticle.aux) ) 
Here is how much of TeX's memory you used:
 644 strings out of 493030
 8118 string characters out of 6136260
 76540 words of memory out of 5000000
 4230 multiletter control sequences out of 15000+600000
 9878 words of font info for 35 fonts, out of 8000000 for 9000
 1141 hyphenation exceptions out of 8191
 30i,6n,21p,229b,316s stack positions out of 5000i,500n,10000p,200000b,80000s

Output written on elsarticle.dvi (22 pages, 48020 bytes).
